--- Coleta realizada em: 2026-06-12 22:17:33 ---
Uso de CPU: 3%
Uso de RAM: 64.01%
Uso de Disco: 23%
[OK] Apache em execução
--- Coleta realizada em: 2026-06-12 22:27:24 ---
Uso de CPU: 6.1%
Uso de RAM: 69.87%
Uso de Disco: 23%
[OK] Apache em execução
--- Coleta realizada em: 2026-06-16 01:32:36 ---
Uso de CPU: 3.5%
Uso de RAM: 73.66%
Uso de Disco: 23%
[OK] Apache em execução
--- Coleta realizada em: 2026-06-16 01:35:10 ---
Uso de CPU: 1.8%
Uso de RAM: 69.75%
Uso de Disco: 23%
[OK] Apache em execução
